<?xml version="1.0" encoding="UTF-8"?>
<!-- Generated by org.testng.reporters.JUnitXMLReporter -->
<testsuite ignored="0" hostname="INSML-H55MD6M" failures="1" tests="10" name="Surefire test" time="770.275" errors="0" timestamp="2022-12-17T12:20:58 IST">
  <testcase classname="io.cucumber.testng.AbstractTestNGCucumberTests" name="runScenario" time="63.786"/>
  <testcase classname="io.cucumber.testng.AbstractTestNGCucumberTests" name="runScenario" time="125.393">
    <failure type="java.lang.AssertionError" message="Amount didn&amp;apos;t get credited to Riya">
      <![CDATA[java.lang.AssertionError: Amount didn't get credited to Riya
at com.paraBanking.stepDefinitions.ParaBankStepDefinitions.verifyBalanceAndTransactionTable(ParaBankStepDefinitions.java:307)
at âœ½.Verify that balance and transaction table details of Checking account is correct after receiving amount of 50 <from-to> Riya(file:///Users/snimma868/Demo/paraBanking/src/test/resources/Login.feature:27)
... Removed 1 stack frames]]>
    </failure>
  </testcase> <!-- runScenario -->
  <testcase classname="io.cucumber.testng.AbstractTestNGCucumberTests" name="runScenario" time="74.274"/>
  <testcase classname="io.cucumber.testng.AbstractTestNGCucumberTests" name="runScenario" time="72.92"/>
  <testcase classname="io.cucumber.testng.AbstractTestNGCucumberTests" name="runScenario" time="72.004"/>
  <testcase classname="io.cucumber.testng.AbstractTestNGCucumberTests" name="runScenario" time="73.091"/>
  <testcase classname="io.cucumber.testng.AbstractTestNGCucumberTests" name="runScenario" time="71.576"/>
  <testcase classname="io.cucumber.testng.AbstractTestNGCucumberTests" name="runScenario" time="72.124"/>
  <testcase classname="io.cucumber.testng.AbstractTestNGCucumberTests" name="runScenario" time="73.023"/>
  <testcase classname="io.cucumber.testng.AbstractTestNGCucumberTests" name="runScenario" time="71.858"/>
</testsuite> <!-- Surefire test -->
